<?xml version="1.0" encoding="UTF-8"?>
<!-- Generated by org.testng.reporters.JUnitReportReporter -->
<testsuite hostname="DESKTOP-CSVDE04" failures="0" tests="1" name="Runners.Runner1" time="31.671" errors="0" timestamp="2025-08-18T13:08:09 IST" skipped="0">
  <testcase classname="Runners.Runner1" name="runScenario" time="31.671"/>
  <system-out/>
</testsuite> <!-- Runners.Runner1 -->
