<?xml version="1.0" encoding="UTF-8"?>
<!-- Generated by org.testng.reporters.JUnitReportReporter -->
<testsuite hostname="DESKTOP-CSVDE04" failures="0" tests="3" name="Runners.Runner2" time="77.907" errors="0" timestamp="2025-08-22T22:42:49 IST" skipped="0">
  <testcase classname="Runners.Runner2" name="runScenario" time="26.703"/>
  <system-out/>
  <testcase classname="Runners.Runner2" name="runScenario" time="25.529"/>
  <system-out/>
  <testcase classname="Runners.Runner2" name="runScenario" time="25.675"/>
  <system-out/>
</testsuite> <!-- Runners.Runner2 -->
