<?xml version="1.0" encoding="UTF-8"?>
<!-- Generated by org.testng.reporters.JUnitReportReporter -->
<testsuite hostname="DESKTOP-CSVDE04" failures="0" tests="1" name="Runners.Runner" time="25.528" errors="0" timestamp="2025-08-22T22:42:49 IST" skipped="0">
  <testcase classname="Runners.Runner" name="runScenario" time="25.528"/>
  <system-out/>
</testsuite> <!-- Runners.Runner -->
