<?xml version="1.0" encoding="UTF-8"?>
<!-- Generated by org.testng.reporters.JUnitReportReporter -->
<testsuite hostname="DESKTOP-CSVDE04" failures="0" tests="1" name="Runners.Runner1" time="13.820" errors="0" timestamp="2025-08-16T12:03:18 IST" skipped="0">
  <testcase classname="Runners.Runner1" name="runScenario" time="13.820"/>
  <system-out/>
</testsuite> <!-- Runners.Runner1 -->
