<?xml version="1.0" encoding="UTF-8"?>
<!-- Generated by org.testng.reporters.JUnitReportReporter -->
<testsuite hostname="DESKTOP-CSVDE04" failures="0" tests="3" name="Runners.Runner2" time="95.110" errors="0" timestamp="2025-08-18T13:08:09 IST" skipped="0">
  <testcase classname="Runners.Runner2" name="runScenario" time="31.540"/>
  <system-out/>
  <testcase classname="Runners.Runner2" name="runScenario" time="31.600"/>
  <system-out/>
  <testcase classname="Runners.Runner2" name="runScenario" time="31.970"/>
  <system-out/>
</testsuite> <!-- Runners.Runner2 -->
