<?xml version="1.0" encoding="UTF-8"?>
<!-- Generated by org.testng.reporters.JUnitReportReporter -->
<testsuite hostname="DESKTOP-CSVDE04" failures="0" tests="1" name="Runners.Runner" time="22.901" errors="0" timestamp="2025-08-14T15:17:55 IST" skipped="0">
  <testcase classname="Runners.Runner" name="runScenario" time="22.901"/>
  <system-out/>
</testsuite> <!-- Runners.Runner -->
