<?xml version="1.0" encoding="UTF-8"?>
<!-- Generated by org.testng.reporters.JUnitReportReporter -->
<testsuite hostname="DESKTOP-CSVDE04" failures="0" tests="1" name="Runners.Runner1" time="25.706" errors="0" timestamp="2025-08-22T22:42:49 IST" skipped="0">
  <testcase classname="Runners.Runner1" name="runScenario" time="25.706"/>
  <system-out/>
</testsuite> <!-- Runners.Runner1 -->
