<?xml version="1.0" encoding="UTF-8"?>
<!-- Generated by org.testng.reporters.JUnitReportReporter -->
<testsuite hostname="DESKTOP-CSVDE04" failures="0" tests="3" name="Runners.Runner2" time="70.056" errors="0" timestamp="2025-08-14T15:17:55 IST" skipped="0">
  <testcase classname="Runners.Runner2" name="runScenario" time="23.292"/>
  <system-out/>
  <testcase classname="Runners.Runner2" name="runScenario" time="23.350"/>
  <system-out/>
  <testcase classname="Runners.Runner2" name="runScenario" time="23.414"/>
  <system-out/>
</testsuite> <!-- Runners.Runner2 -->
